<?xml version="1.0" encoding="UTF-8"?>
<!-- Generated by org.testng.reporters.JUnitReportReporter -->
<testsuite hostname="DESKTOP-2BVS31M" failures="0" tests="2" name="com.wirisQuestionsClasses.TestCasesToCreateQuestions" time="115.701" errors="0" timestamp="30 Dec 2021 09:06:56 GMT" skipped="0">
  <testcase classname="com.wirisQuestionsClasses.TestCasesToCreateQuestions" name="loginAuth" time="15.807"/>
  <testcase classname="com.wirisQuestionsClasses.TestCasesToCreateQuestions" name="wirisAssessment" time="99.894"/>
</testsuite> <!-- com.wirisQuestionsClasses.TestCasesToCreateQuestions -->
